{"D:\\HTML\\eternalduck-react\\src\\pages\\TestPage2.js": {"path":"D:\\HTML\\eternalduck-react\\src\\pages\\TestPage2.js","statementMap":{"0":{"start":{"line":4,"column":21},"end":{"line":6,"column":1}},"1":{"start":{"line":5,"column":1},"end":{"line":5,"column":19}},"2":{"start":{"line":8,"column":18},"end":{"line":20,"column":1}},"3":{"start":{"line":9,"column":1},"end":{"line":11,"column":7}},"4":{"start":{"line":10,"column":2},"end":{"line":10,"column":29}},"5":{"start":{"line":13,"column":1},"end":{"line":19,"column":2}}},"fnMap":{"0":{"name":"(anonymous_0)","decl":{"start":{"line":4,"column":21},"end":{"line":4,"column":22}},"loc":{"start":{"line":4,"column":37},"end":{"line":6,"column":1}},"line":4},"1":{"name":"(anonymous_1)","decl":{"start":{"line":8,"column":18},"end":{"line":8,"column":19}},"loc":{"start":{"line":8,"column":29},"end":{"line":20,"column":1}},"line":8},"2":{"name":"(anonymous_2)","decl":{"start":{"line":9,"column":11},"end":{"line":9,"column":12}},"loc":{"start":{"line":9,"column":17},"end":{"line":11,"column":2}},"line":9}},"branchMap":{},"s":{"0":1,"1":1,"2":1,"3":0,"4":0,"5":0},"f":{"0":1,"1":0,"2":0},"b":{},"_coverageSchema":"1a1c01bbd47fc00a2c39e90264f33305004495a9","hash":"435ce1daf719cba5274040114949978397c0fadf"}
}
